<?xml version="1.0" encoding="UTF-8"?>
<!-- Generated by org.testng.reporters.JUnitReportReporter -->
<testsuite hostname="Nifaanya" failures="0" tests="2" name="testscript.TestupdatingintoexcelTest" time="0.008" errors="0" timestamp="2022-06-05T16:21:42 IST" skipped="0">
  <testcase classname="testscript.TestupdatingintoexcelTest" name="TestupdatingintoexcelTest" time="0.005"/>
  <system-out/>
  <testcase classname="testscript.TestupdatingintoexcelTest" name="getAlphaNumericStringTest" time="0.003"/>
  <system-out/>
</testsuite> <!-- testscript.TestupdatingintoexcelTest -->
